2020-06-18 14:13:01,825 [Worker-3: Loading available Gradle versions] INFO  o.e.b.c.i.u.g.PublishedGradleVersions - Gradle version information cache is out-of-date. Trying to update.
2020-06-18 15:22:37,382 [Worker-4: Loading available Gradle versions] INFO  o.e.b.c.i.u.g.PublishedGradleVersions - Gradle version information cache is up-to-date. Trying to read.
2020-06-18 15:23:58,338 [Worker-1: Importing Maven projects] INFO  o.e.m.c.i.l.LifecycleMappingFactory - Using org.eclipse.m2e.jdt.JarLifecycleMapping lifecycle mapping for MavenProject: com.espol.edu:labcodingstandards:0.0.1-SNAPSHOT @ C:\Users\Usuario\Desktop\Espol\Semestre 10\Ingenieria Software II\LABS2\Lab2CodingStandard\CodingStandardsSI2\pom.xml.
2020-06-18 15:24:00,273 [Worker-1: Importing Maven projects] INFO  o.e.m.j.i.AbstractJavaProjectConfigurator - Adding source folder /CodingStandardsSI2/src/main/java
2020-06-18 15:24:00,277 [Worker-1: Importing Maven projects] INFO  o.e.m.j.i.AbstractJavaProjectConfigurator - Adding source folder /CodingStandardsSI2/src/test/java
2020-06-18 15:24:04,679 [Worker-1: Importing Maven projects] INFO  o.e.m.c.i.p.ProjectConfigurationManager - Imported and configured 1 project(s) in 18 sec
2020-06-18 15:24:17,957 [Worker-6: Building] WARN  o.e.m.c.i.embedder.EclipseLogger - Using platform encoding (Cp1252 actually) to copy filtered resources, i.e. build is platform dependent!
2020-06-18 15:24:17,964 [Worker-6: Building] INFO  o.e.m.c.i.embedder.EclipseLogger - skip non existing resourceDirectory C:\Users\Usuario\Desktop\Espol\Semestre 10\Ingenieria Software II\LABS2\Lab2CodingStandard\CodingStandardsSI2\src\main\resources
2020-06-18 15:24:17,976 [Worker-6: Building] WARN  o.e.m.c.i.embedder.EclipseLogger - Using platform encoding (Cp1252 actually) to copy filtered resources, i.e. build is platform dependent!
2020-06-18 15:24:18,060 [Worker-6: Building] INFO  o.e.m.c.i.embedder.EclipseLogger - skip non existing resourceDirectory C:\Users\Usuario\Desktop\Espol\Semestre 10\Ingenieria Software II\LABS2\Lab2CodingStandard\CodingStandardsSI2\src\test\resources
2020-06-18 15:28:38,962 [Worker-4: Loading available Gradle versions] INFO  o.e.b.c.i.u.g.PublishedGradleVersions - Gradle version information cache is up-to-date. Trying to read.
2020-06-18 15:30:01,856 [Worker-3: Importing Maven projects] INFO  o.e.m.c.i.l.LifecycleMappingFactory - Using org.eclipse.m2e.jdt.JarLifecycleMapping lifecycle mapping for MavenProject: com.espol.edu:labcodingstandards:0.0.1-SNAPSHOT @ C:\Users\Usuario\Desktop\Espol\Semestre 10\Ingenieria Software II\LABS2\Lab2CodingStandard\CodingStandard\pom.xml.
2020-06-18 15:30:03,868 [Worker-3: Importing Maven projects] INFO  o.e.m.j.i.AbstractJavaProjectConfigurator - Adding source folder /CodingStandard/src/main/java
2020-06-18 15:30:03,871 [Worker-3: Importing Maven projects] INFO  o.e.m.j.i.AbstractJavaProjectConfigurator - Adding source folder /CodingStandard/src/test/java
2020-06-18 15:30:04,103 [Worker-3: Importing Maven projects] INFO  o.e.m.c.i.p.ProjectConfigurationManager - Imported and configured 1 project(s) in 17 sec
2020-06-18 15:30:13,893 [Worker-9: Building] WARN  o.e.m.c.i.embedder.EclipseLogger - Using platform encoding (Cp1252 actually) to copy filtered resources, i.e. build is platform dependent!
2020-06-18 15:30:13,901 [Worker-9: Building] INFO  o.e.m.c.i.embedder.EclipseLogger - skip non existing resourceDirectory C:\Users\Usuario\Desktop\Espol\Semestre 10\Ingenieria Software II\LABS2\Lab2CodingStandard\CodingStandard\src\main\resources
2020-06-18 15:30:13,915 [Worker-9: Building] WARN  o.e.m.c.i.embedder.EclipseLogger - Using platform encoding (Cp1252 actually) to copy filtered resources, i.e. build is platform dependent!
2020-06-18 15:30:13,916 [Worker-9: Building] INFO  o.e.m.c.i.embedder.EclipseLogger - skip non existing resourceDirectory C:\Users\Usuario\Desktop\Espol\Semestre 10\Ingenieria Software II\LABS2\Lab2CodingStandard\CodingStandard\src\test\resources
2020-06-18 15:30:46,145 [Worker-4: Building] WARN  o.e.m.c.i.embedder.EclipseLogger - Using platform encoding (Cp1252 actually) to copy filtered resources, i.e. build is platform dependent!
2020-06-18 15:30:46,306 [Worker-4: Building] INFO  o.e.m.c.i.embedder.EclipseLogger - skip non existing resourceDirectory C:\Users\Usuario\Desktop\Espol\Semestre 10\Ingenieria Software II\LABS2\Lab2CodingStandard\CodingStandard\src\main\resources
2020-06-18 15:30:46,316 [Worker-4: Building] WARN  o.e.m.c.i.embedder.EclipseLogger - Using platform encoding (Cp1252 actually) to copy filtered resources, i.e. build is platform dependent!
2020-06-18 15:30:46,322 [Worker-4: Building] INFO  o.e.m.c.i.embedder.EclipseLogger - skip non existing resourceDirectory C:\Users\Usuario\Desktop\Espol\Semestre 10\Ingenieria Software II\LABS2\Lab2CodingStandard\CodingStandard\src\test\resources
2020-06-18 15:30:50,145 [Worker-4: Build project "CodingStandard"] WARN  o.e.m.c.i.embedder.EclipseLogger - Using platform encoding (Cp1252 actually) to copy filtered resources, i.e. build is platform dependent!
2020-06-18 15:30:50,147 [Worker-4: Build project "CodingStandard"] INFO  o.e.m.c.i.embedder.EclipseLogger - skip non existing resourceDirectory C:\Users\Usuario\Desktop\Espol\Semestre 10\Ingenieria Software II\LABS2\Lab2CodingStandard\CodingStandard\src\main\resources
2020-06-18 15:30:50,155 [Worker-4: Build project "CodingStandard"] WARN  o.e.m.c.i.embedder.EclipseLogger - Using platform encoding (Cp1252 actually) to copy filtered resources, i.e. build is platform dependent!
2020-06-18 15:30:50,157 [Worker-4: Build project "CodingStandard"] INFO  o.e.m.c.i.embedder.EclipseLogger - skip non existing resourceDirectory C:\Users\Usuario\Desktop\Espol\Semestre 10\Ingenieria Software II\LABS2\Lab2CodingStandard\CodingStandard\src\test\resources
2020-06-18 15:33:50,406 [Worker-4: Build all projects] WARN  o.e.m.c.i.embedder.EclipseLogger - Using platform encoding (Cp1252 actually) to copy filtered resources, i.e. build is platform dependent!
2020-06-18 15:33:50,413 [Worker-4: Build all projects] INFO  o.e.m.c.i.embedder.EclipseLogger - skip non existing resourceDirectory C:\Users\Usuario\Desktop\Espol\Semestre 10\Ingenieria Software II\LABS2\Lab2CodingStandard\CodingStandard\src\main\resources
2020-06-18 15:33:50,419 [Worker-4: Build all projects] WARN  o.e.m.c.i.embedder.EclipseLogger - Using platform encoding (Cp1252 actually) to copy filtered resources, i.e. build is platform dependent!
2020-06-18 15:33:50,423 [Worker-4: Build all projects] INFO  o.e.m.c.i.embedder.EclipseLogger - skip non existing resourceDirectory C:\Users\Usuario\Desktop\Espol\Semestre 10\Ingenieria Software II\LABS2\Lab2CodingStandard\CodingStandard\src\test\resources
2020-06-18 15:35:09,349 [Worker-4: Building] WARN  o.e.m.c.i.embedder.EclipseLogger - Using platform encoding (Cp1252 actually) to copy filtered resources, i.e. build is platform dependent!
2020-06-18 15:35:09,356 [Worker-4: Building] INFO  o.e.m.c.i.embedder.EclipseLogger - skip non existing resourceDirectory C:\Users\Usuario\Desktop\Espol\Semestre 10\Ingenieria Software II\LABS2\Lab2CodingStandard\CodingStandard\src\main\resources
2020-06-18 15:35:09,364 [Worker-4: Building] WARN  o.e.m.c.i.embedder.EclipseLogger - Using platform encoding (Cp1252 actually) to copy filtered resources, i.e. build is platform dependent!
2020-06-18 15:35:09,366 [Worker-4: Building] INFO  o.e.m.c.i.embedder.EclipseLogger - skip non existing resourceDirectory C:\Users\Usuario\Desktop\Espol\Semestre 10\Ingenieria Software II\LABS2\Lab2CodingStandard\CodingStandard\src\test\resources
2020-06-18 15:42:20,697 [Worker-7: Building] WARN  o.e.m.c.i.embedder.EclipseLogger - Using platform encoding (Cp1252 actually) to copy filtered resources, i.e. build is platform dependent!
2020-06-18 15:42:20,712 [Worker-7: Building] INFO  o.e.m.c.i.embedder.EclipseLogger - skip non existing resourceDirectory C:\Users\Usuario\Desktop\Espol\Semestre 10\Ingenieria Software II\LABS2\Lab2CodingStandard\CodingStandard\src\main\resources
2020-06-18 15:42:20,716 [Worker-7: Building] WARN  o.e.m.c.i.embedder.EclipseLogger - Using platform encoding (Cp1252 actually) to copy filtered resources, i.e. build is platform dependent!
2020-06-18 15:42:20,720 [Worker-7: Building] INFO  o.e.m.c.i.embedder.EclipseLogger - skip non existing resourceDirectory C:\Users\Usuario\Desktop\Espol\Semestre 10\Ingenieria Software II\LABS2\Lab2CodingStandard\CodingStandard\src\test\resources
2020-06-18 15:43:41,856 [Worker-0: Building] WARN  o.e.m.c.i.embedder.EclipseLogger - Using platform encoding (Cp1252 actually) to copy filtered resources, i.e. build is platform dependent!
2020-06-18 15:43:41,864 [Worker-0: Building] INFO  o.e.m.c.i.embedder.EclipseLogger - skip non existing resourceDirectory C:\Users\Usuario\Desktop\Espol\Semestre 10\Ingenieria Software II\LABS2\Lab2CodingStandard\CodingStandard\src\main\resources
2020-06-18 15:43:41,890 [Worker-0: Building] WARN  o.e.m.c.i.embedder.EclipseLogger - Using platform encoding (Cp1252 actually) to copy filtered resources, i.e. build is platform dependent!
2020-06-18 15:43:41,894 [Worker-0: Building] INFO  o.e.m.c.i.embedder.EclipseLogger - skip non existing resourceDirectory C:\Users\Usuario\Desktop\Espol\Semestre 10\Ingenieria Software II\LABS2\Lab2CodingStandard\CodingStandard\src\test\resources
2020-06-18 15:44:36,027 [Worker-10: Building] WARN  o.e.m.c.i.embedder.EclipseLogger - Using platform encoding (Cp1252 actually) to copy filtered resources, i.e. build is platform dependent!
2020-06-18 15:44:36,030 [Worker-10: Building] INFO  o.e.m.c.i.embedder.EclipseLogger - skip non existing resourceDirectory C:\Users\Usuario\Desktop\Espol\Semestre 10\Ingenieria Software II\LABS2\Lab2CodingStandard\CodingStandard\src\main\resources
2020-06-18 15:44:36,050 [Worker-10: Building] WARN  o.e.m.c.i.embedder.EclipseLogger - Using platform encoding (Cp1252 actually) to copy filtered resources, i.e. build is platform dependent!
2020-06-18 15:44:36,056 [Worker-10: Building] INFO  o.e.m.c.i.embedder.EclipseLogger - skip non existing resourceDirectory C:\Users\Usuario\Desktop\Espol\Semestre 10\Ingenieria Software II\LABS2\Lab2CodingStandard\CodingStandard\src\test\resources
2020-06-18 15:49:16,711 [Worker-4: Building] INFO  o.e.m.c.i.e.AbstractTransferListenerAdapter - Downloading https://repo.maven.apache.org/maven2/org/apache/maven/plugins/maven-site-plugin/3.7.1/maven-site-plugin-3.7.1.jar
2020-06-18 15:49:17,447 [Worker-4: Building] INFO  o.e.m.c.i.e.AbstractTransferListenerAdapter - Downloaded https://repo.maven.apache.org/maven2/org/apache/maven/plugins/maven-site-plugin/3.7.1/maven-site-plugin-3.7.1.jar
2020-06-18 15:49:22,025 [Worker-4: Building] INFO  o.e.m.c.i.l.LifecycleMappingFactory - Using org.eclipse.m2e.jdt.JarLifecycleMapping lifecycle mapping for MavenProject: com.espol.edu:labcodingstandards:0.0.1-SNAPSHOT @ C:\Users\Usuario\Desktop\Espol\Semestre 10\Ingenieria Software II\LABS2\Lab2CodingStandard\CodingStandard\pom.xml.
2020-06-18 15:49:23,041 [Worker-4: Building] WARN  o.e.m.c.i.embedder.EclipseLogger - Using platform encoding (Cp1252 actually) to copy filtered resources, i.e. build is platform dependent!
2020-06-18 15:49:23,043 [Worker-4: Building] INFO  o.e.m.c.i.embedder.EclipseLogger - skip non existing resourceDirectory C:\Users\Usuario\Desktop\Espol\Semestre 10\Ingenieria Software II\LABS2\Lab2CodingStandard\CodingStandard\src\main\resources
2020-06-18 15:49:23,072 [Worker-4: Building] WARN  o.e.m.c.i.embedder.EclipseLogger - Using platform encoding (Cp1252 actually) to copy filtered resources, i.e. build is platform dependent!
